<?xml version="1.0" encoding="UTF-8" ?>
<testsuite failures="0" time="0.018" errors="0" skipped="0" tests="4" name="com.github.mkolisnyk.muto.generator.MutationStrategyTest">
  <testcase time="0.001" classname="com.github.mkolisnyk.muto.generator.MutationStrategyTest" name="testAddRule"/>
  <testcase time="0" classname="com.github.mkolisnyk.muto.generator.MutationStrategyTest" name="testNext"/>
</testsuite>